<?xml version="1.0" encoding="UTF-8"?>
<!-- Generated by org.testng.reporters.JUnitXMLReporter -->
<testsuite hostname="ip-172-31-1-207" ignored="0" name="Test" tests="1" failures="1" timestamp="24 Feb 2021 07:26:29 GMT" time="1.452" errors="0">
  <testcase name="LoginTest" time="0.009" classname="test3.Testcase1">
    <failure type="java.lang.NullPointerException">
      <![CDATA[java.lang.NullPointerException
at pages.Loginpage.Login(Loginpage.java:37)
at test3.Testcase1.LoginTest(Testcase1.java:33)
... Removed 29 stack frames]]>
    </failure>
  </testcase> <!-- LoginTest -->
</testsuite> <!-- Test -->
