-------------------------------------------------------------------------------
Test set: TestSuite
-------------------------------------------------------------------------------
Tests run: 1, Failures: 1, Errors: 0, Skipped: 0, Time elapsed: 2.233 s <<< FAILURE! - in TestSuite
test3.Testcase1.LoginTest  Time elapsed: 0.015 s  <<< FAILURE!
java.lang.NullPointerException
	at test3.Testcase1.LoginTest(Testcase1.java:33)

